0 info it worked if it ends with ok
1 verbose cli [ 'C:\\Program Files\\nodejs\\node.exe',
1 verbose cli   'C:\\Program Files\\nodejs\\node_modules\\npm\\bin\\npm-cli.js',
1 verbose cli   'run-script',
1 verbose cli   'build' ]
2 info using npm@3.10.10
3 info using node@v6.9.5
4 verbose run-script [ 'prebuild', 'build', 'postbuild' ]
5 info lifecycle es6@1.0.0~prebuild: es6@1.0.0
6 silly lifecycle es6@1.0.0~prebuild: no script for prebuild, continuing
7 info lifecycle es6@1.0.0~build: es6@1.0.0
8 verbose lifecycle es6@1.0.0~build: unsafe-perm in lifecycle true
9 verbose lifecycle es6@1.0.0~build: PATH: C:\Program Files\nodejs\node_modules\npm\bin\node-gyp-bin;F:\git\yao\node\es6\node_modules\.bin;C:\Program Files\MongoDB\Server\3.4\bin;C:\ProgramData\Oracle\Java\javapath;C:\Program Files (x86)\Common Files\NetSarang;C:\Ruby22-x64\bin;C:\Windows\system32;C:\Windows;C:\Windows\System32\Wbem;C:\Windows\System32\WindowsPowerShell\v1.0\;C:\Program Files (x86)\AMD\ATI.ACE\Core-Static;C:\Program Files\TortoiseGit\bin;C:\Program Files\TortoiseSVN\bin;C:\Program Files\nodejs\;C:\Users\yaoyc\AppData\Roaming\npm
10 verbose lifecycle es6@1.0.0~build: CWD: F:\git\yao\node\es6
11 silly lifecycle es6@1.0.0~build: Args: [ '/d /s /c', 'babel src -d app --watch' ]
12 silly lifecycle es6@1.0.0~build: Returned: code: 1  signal: null
13 info lifecycle es6@1.0.0~build: Failed to exec build script
14 verbose stack Error: es6@1.0.0 build: `babel src -d app --watch`
14 verbose stack Exit status 1
14 verbose stack     at EventEmitter.<anonymous> (C:\Program Files\nodejs\node_modules\npm\lib\utils\lifecycle.js:255:16)
14 verbose stack     at emitTwo (events.js:106:13)
14 verbose stack     at EventEmitter.emit (events.js:191:7)
14 verbose stack     at ChildProcess.<anonymous> (C:\Program Files\nodejs\node_modules\npm\lib\utils\spawn.js:40:14)
14 verbose stack     at emitTwo (events.js:106:13)
14 verbose stack     at ChildProcess.emit (events.js:191:7)
14 verbose stack     at maybeClose (internal/child_process.js:877:16)
14 verbose stack     at Process.ChildProcess._handle.onexit (internal/child_process.js:226:5)
15 verbose pkgid es6@1.0.0
16 verbose cwd F:\git\yao\node\es6
17 error Windows_NT 6.1.7601
18 error argv "C:\\Program Files\\nodejs\\node.exe" "C:\\Program Files\\nodejs\\node_modules\\npm\\bin\\npm-cli.js" "run-script" "build"
19 error node v6.9.5
20 error npm  v3.10.10
21 error code ELIFECYCLE
22 error es6@1.0.0 build: `babel src -d app --watch`
22 error Exit status 1
23 error Failed at the es6@1.0.0 build script 'babel src -d app --watch'.
23 error Make sure you have the latest version of node.js and npm installed.
23 error If you do, this is most likely a problem with the es6 package,
23 error not with npm itself.
23 error Tell the author that this fails on your system:
23 error     babel src -d app --watch
23 error You can get information on how to open an issue for this project with:
23 error     npm bugs es6
23 error Or if that isn't available, you can get their info via:
23 error     npm owner ls es6
23 error There is likely additional logging output above.
24 verbose exit [ 1, true ]
